[2021-05-02 17:55:53] __rvm_package_extract
__rvm_package_extract () 
{ 
    rvm_debug __rvm_package_extract:$#: "$@";
    \typeset __extract_src __extract_target __tempdir __path __file __return;
    __extract_src="$1";
    __extract_target="$2";
    shift 2;
    __return=0;
    __tempdir="$( TMPDIR="${rvm_tmp_path}" mktemp -d -t rvm-tmp.XXXXXXXXX )";
    __rvm_package_extract_run "$__extract_src" "$__tempdir" "$@" || __return=$?;
    if (( __return == 0 )); then
        for __path in "$__tempdir"/*;
        do
            __file="${__path##*/}";
            if [[ -n "${__file}" && -e "$__extract_target/${__file}" ]]; then
                \command \rm -rf "$__extract_target/${__file}" || __return=$?;
            fi;
            \command \mv -f "${__path}" "$__extract_target/" || __return=$?;
        done;
    fi;
    if [[ -n "$__tempdir" ]]; then
        \command \rm -rf "$__tempdir";
    fi;
    return $__return
}
current path: /data/data/com.termux/files/home
PATH=/data/data/com.termux/files/usr/bin:/data/data/com.termux/files/usr/bin/applets:/data/data/com.termux/files/home/.rvm/bin:/data/data/com.termux/files/home/.rvm/bin
command(3): __rvm_package_extract /data/data/com.termux/files/home/.rvm/archives/ruby-2.3.1.tar.bz2 /data/data/com.termux/files/home/.rvm/tmp/rvm_src_29281
++ rvm_debug __rvm_package_extract:2: /data/data/com.termux/files/home/.rvm/archives/ruby-2.3.1.tar.bz2 /data/data/com.termux/files/home/.rvm/tmp/rvm_src_29281
++ ((  0  ))
++ return 0
++ typeset __extract_src __extract_target __tempdir __path __file __return
++ __extract_src=/data/data/com.termux/files/home/.rvm/archives/ruby-2.3.1.tar.bz2
++ __extract_target=/data/data/com.termux/files/home/.rvm/tmp/rvm_src_29281
++ shift 2
++ __return=0
+++ TMPDIR=/data/data/com.termux/files/home/.rvm/tmp
+++ mktemp -d -t rvm-tmp.XXXXXXXXX
++ __tempdir=/data/data/com.termux/files/home/.rvm/tmp/rvm-tmp.OlXsTdMUg
++ __rvm_package_extract_run /data/data/com.termux/files/home/.rvm/archives/ruby-2.3.1.tar.bz2 /data/data/com.termux/files/home/.rvm/tmp/rvm-tmp.OlXsTdMUg
++ typeset __extract_run_src __extract_run_target __exclude_elements
++ __extract_run_src=/data/data/com.termux/files/home/.rvm/archives/ruby-2.3.1.tar.bz2
++ __extract_run_target=/data/data/com.termux/files/home/.rvm/tmp/rvm-tmp.OlXsTdMUg
++ shift 2
++ __exclude_elements=()
++ [[    != *\ \-\-\n\o\-\s\a\m\e\-\o\w\n\e\r\ * ]]
++ __rvm_tar --help
++ __rvm_grep -- --no-same-owner
++ GREP_OPTIONS=
++ command grep -- --no-same-owner
++ rvm_tar_options=--no-same-owner
++ [[ -d /data/data/com.termux/files/home/.rvm/tmp/rvm-tmp.OlXsTdMUg ]]
++ case "$__extract_run_src" in
++ __map_tar_excludes
++ typeset __exclude_element
++ [[ -n '' ]]
++ __rvm_tar -xjf /data/data/com.termux/files/home/.rvm/archives/ruby-2.3.1.tar.bz2 -C /data/data/com.termux/files/home/.rvm/tmp/rvm-tmp.OlXsTdMUg --no-same-owner
++ tar -xjf /data/data/com.termux/files/home/.rvm/archives/ruby-2.3.1.tar.bz2 -C /data/data/com.termux/files/home/.rvm/tmp/rvm-tmp.OlXsTdMUg --no-same-owner
++ __rvm_fix_group_permissions /data/data/com.termux/files/home/.rvm/tmp/rvm-tmp.OlXsTdMUg/ruby-2.3.1
++ umask -S
++ __rvm_grep g=rw
++ GREP_OPTIONS=
++ command grep g=rw
++ return 1
++ ((  __return == 0  ))
++ for __path in "$__tempdir"/*
++ __file=ruby-2.3.1
++ [[ -n ruby-2.3.1 ]]
++ [[ -e /data/data/com.termux/files/home/.rvm/tmp/rvm_src_29281/ruby-2.3.1 ]]
++ command mv -f /data/data/com.termux/files/home/.rvm/tmp/rvm-tmp.OlXsTdMUg/ruby-2.3.1 /data/data/com.termux/files/home/.rvm/tmp/rvm_src_29281/
++ [[ -n /data/data/com.termux/files/home/.rvm/tmp/rvm-tmp.OlXsTdMUg ]]
++ command rm -rf /data/data/com.termux/files/home/.rvm/tmp/rvm-tmp.OlXsTdMUg
++ return 0
